[MAdd]: AdaptiveAvgPool2d is not supported!
[Flops]: AdaptiveAvgPool2d is not supported!
[Memory]: AdaptiveAvgPool2d is not supported!
[MAdd]: Sigmoid is not supported!
[Flops]: Sigmoid is not supported!
[Memory]: Sigmoid is not supported!
[MAdd]: AdaptiveAvgPool2d is not supported!
[Flops]: AdaptiveAvgPool2d is not supported!
[Memory]: AdaptiveAvgPool2d is not supported!
[MAdd]: Sigmoid is not supported!
[Flops]: Sigmoid is not supported!
[Memory]: Sigmoid is not supported!
[MAdd]: AdaptiveAvgPool2d is not supported!
[Flops]: AdaptiveAvgPool2d is not supported!
[Memory]: AdaptiveAvgPool2d is not supported!
[MAdd]: Sigmoid is not supported!
[Flops]: Sigmoid is not supported!
[Memory]: Sigmoid is not supported!
[MAdd]: AdaptiveAvgPool2d is not supported!
[Flops]: AdaptiveAvgPool2d is not supported!
[Memory]: AdaptiveAvgPool2d is not supported!
[MAdd]: Sigmoid is not supported!
[Flops]: Sigmoid is not supported!
[Memory]: Sigmoid is not supported!
[MAdd]: AdaptiveAvgPool2d is not supported!
[Flops]: AdaptiveAvgPool2d is not supported!
[Memory]: AdaptiveAvgPool2d is not supported!
[MAdd]: Sigmoid is not supported!
[Flops]: Sigmoid is not supported!
[Memory]: Sigmoid is not supported!
[MAdd]: AdaptiveAvgPool2d is not supported!
[Flops]: AdaptiveAvgPool2d is not supported!
[Memory]: AdaptiveAvgPool2d is not supported!
[MAdd]: Sigmoid is not supported!
[Flops]: Sigmoid is not supported!
[Memory]: Sigmoid is not supported!
                                             module name  input shape output shape    params memory(MB)             MAdd            Flops  MemRead(B)  MemWrite(B) duration[%]    MemR+W(B)
0                                sem_encoder.conv.0.conv    1 128 128   32 128 128     832.0       2.00     26,214,400.0     13,631,488.0     68864.0    2097152.0       5.55%    2166016.0
1                          sem_encoder.conv.0.batch_norm   32 128 128   32 128 128      64.0       2.00      2,097,152.0      1,048,576.0   2097408.0    2097152.0       1.02%    4194560.0
2                                     sem_encoder.conv.1   32 128 128   32 128 128       0.0       2.00        524,288.0        524,288.0   2097152.0    2097152.0       0.79%    4194304.0
3                                sem_encoder.conv.2.conv   32 128 128   32 128 128   25632.0       2.00    838,860,800.0    419,954,688.0   2199680.0    2097152.0       7.99%    4296832.0
4                          sem_encoder.conv.2.batch_norm   32 128 128   32 128 128      64.0       2.00      2,097,152.0      1,048,576.0   2097408.0    2097152.0       0.75%    4194560.0
5                                     sem_encoder.conv.3   32 128 128   32 128 128       0.0       2.00        524,288.0        524,288.0   2097152.0    2097152.0       0.61%    4194304.0
6      sem_encoder.se_resnets_net.0.split_layer.layer...   32 128 128   16 128 128   12816.0       1.00    419,430,400.0    209,977,344.0   2148416.0    1048576.0       4.71%    3196992.0
7      sem_encoder.se_resnets_net.0.split_layer.layer...   16 128 128   16 128 128      32.0       1.00      1,048,576.0        524,288.0   1048704.0    1048576.0       0.25%    2097280.0
8      sem_encoder.se_resnets_net.0.split_layer.layer...   16 128 128   16 128 128       0.0       1.00        262,144.0        262,144.0   1048576.0    1048576.0       0.16%    2097152.0
9      sem_encoder.se_resnets_net.0.split_layer.layer...   32 128 128   16 128 128   12816.0       1.00    419,430,400.0    209,977,344.0   2148416.0    1048576.0       3.68%    3196992.0
10     sem_encoder.se_resnets_net.0.split_layer.layer...   16 128 128   16 128 128      32.0       1.00      1,048,576.0        524,288.0   1048704.0    1048576.0       0.22%    2097280.0
11     sem_encoder.se_resnets_net.0.split_layer.layer...   16 128 128   16 128 128       0.0       1.00        262,144.0        262,144.0   1048576.0    1048576.0       0.15%    2097152.0
12     sem_encoder.se_resnets_net.0.transition_layer....   32 128 128   32 128 128    1056.0       2.00     33,554,432.0     17,301,504.0   2101376.0    2097152.0       2.96%    4198528.0
13      sem_encoder.se_resnets_net.0.transition_layer.bn   32 128 128   32 128 128      64.0       2.00      2,097,152.0      1,048,576.0   2097408.0    2097152.0       0.67%    4194560.0
14       sem_encoder.se_resnets_net.0.se_layer.net.0.net   32 128 128   32   1   1       0.0       0.00              0.0              0.0         0.0          0.0       0.71%          0.0
15           sem_encoder.se_resnets_net.0.se_layer.net.1           32            8     264.0       0.00            504.0            256.0      1184.0         32.0       0.51%       1216.0
16           sem_encoder.se_resnets_net.0.se_layer.net.2            8            8       0.0       0.00              8.0              8.0        32.0         32.0       0.08%         64.0
17           sem_encoder.se_resnets_net.0.se_layer.net.3            8           32     288.0       0.00            480.0            256.0      1184.0        128.0       0.12%       1312.0
18           sem_encoder.se_resnets_net.0.se_layer.net.4           32           32       0.0       0.00              0.0              0.0         0.0          0.0       0.20%          0.0
19                          sem_encoder.se_resnets_net.1   32 128 128   32 128 128       0.0       2.00        524,288.0        524,288.0   2097152.0    2097152.0       0.51%    4194304.0
20     sem_encoder.se_resnets_net.2.split_layer.layer...   32 128 128   16 128 128   12816.0       1.00    419,430,400.0    209,977,344.0   2148416.0    1048576.0       4.05%    3196992.0
21     sem_encoder.se_resnets_net.2.split_layer.layer...   16 128 128   16 128 128      32.0       1.00      1,048,576.0        524,288.0   1048704.0    1048576.0       0.39%    2097280.0
22     sem_encoder.se_resnets_net.2.split_layer.layer...   16 128 128   16 128 128       0.0       1.00        262,144.0        262,144.0   1048576.0    1048576.0       0.15%    2097152.0
23     sem_encoder.se_resnets_net.2.split_layer.layer...   32 128 128   16 128 128   12816.0       1.00    419,430,400.0    209,977,344.0   2148416.0    1048576.0       3.84%    3196992.0
24     sem_encoder.se_resnets_net.2.split_layer.layer...   16 128 128   16 128 128      32.0       1.00      1,048,576.0        524,288.0   1048704.0    1048576.0       0.22%    2097280.0
25     sem_encoder.se_resnets_net.2.split_layer.layer...   16 128 128   16 128 128       0.0       1.00        262,144.0        262,144.0   1048576.0    1048576.0       0.15%    2097152.0
26     sem_encoder.se_resnets_net.2.transition_layer....   32 128 128   32 128 128    1056.0       2.00     33,554,432.0     17,301,504.0   2101376.0    2097152.0       1.87%    4198528.0
27      sem_encoder.se_resnets_net.2.transition_layer.bn   32 128 128   32 128 128      64.0       2.00      2,097,152.0      1,048,576.0   2097408.0    2097152.0       0.28%    4194560.0
28       sem_encoder.se_resnets_net.2.se_layer.net.0.net   32 128 128   32   1   1       0.0       0.00              0.0              0.0         0.0          0.0       0.30%          0.0
29           sem_encoder.se_resnets_net.2.se_layer.net.1           32            8     264.0       0.00            504.0            256.0      1184.0         32.0       0.16%       1216.0
30           sem_encoder.se_resnets_net.2.se_layer.net.2            8            8       0.0       0.00              8.0              8.0        32.0         32.0       0.07%         64.0
31           sem_encoder.se_resnets_net.2.se_layer.net.3            8           32     288.0       0.00            480.0            256.0      1184.0        128.0       0.11%       1312.0
32           sem_encoder.se_resnets_net.2.se_layer.net.4           32           32       0.0       0.00              0.0              0.0         0.0          0.0       0.07%          0.0
33                          sem_encoder.se_resnets_net.3   32 128 128   32 128 128       0.0       2.00        524,288.0        524,288.0   2097152.0    2097152.0       0.58%    4194304.0
34     sem_encoder.se_resnets_net.4.split_layer.layer...   32 128 128   16 128 128   12816.0       1.00    419,430,400.0    209,977,344.0   2148416.0    1048576.0       4.00%    3196992.0
35     sem_encoder.se_resnets_net.4.split_layer.layer...   16 128 128   16 128 128      32.0       1.00      1,048,576.0        524,288.0   1048704.0    1048576.0       0.24%    2097280.0
36     sem_encoder.se_resnets_net.4.split_layer.layer...   16 128 128   16 128 128       0.0       1.00        262,144.0        262,144.0   1048576.0    1048576.0       0.18%    2097152.0
37     sem_encoder.se_resnets_net.4.split_layer.layer...   32 128 128   16 128 128   12816.0       1.00    419,430,400.0    209,977,344.0   2148416.0    1048576.0       4.06%    3196992.0
38     sem_encoder.se_resnets_net.4.split_layer.layer...   16 128 128   16 128 128      32.0       1.00      1,048,576.0        524,288.0   1048704.0    1048576.0       0.27%    2097280.0
39     sem_encoder.se_resnets_net.4.split_layer.layer...   16 128 128   16 128 128       0.0       1.00        262,144.0        262,144.0   1048576.0    1048576.0       0.14%    2097152.0
40     sem_encoder.se_resnets_net.4.transition_layer....   32 128 128   32 128 128    1056.0       2.00     33,554,432.0     17,301,504.0   2101376.0    2097152.0       2.23%    4198528.0
41      sem_encoder.se_resnets_net.4.transition_layer.bn   32 128 128   32 128 128      64.0       2.00      2,097,152.0      1,048,576.0   2097408.0    2097152.0       0.37%    4194560.0
42       sem_encoder.se_resnets_net.4.se_layer.net.0.net   32 128 128   32   1   1       0.0       0.00              0.0              0.0         0.0          0.0       0.32%          0.0
43           sem_encoder.se_resnets_net.4.se_layer.net.1           32            8     264.0       0.00            504.0            256.0      1184.0         32.0       0.17%       1216.0
44           sem_encoder.se_resnets_net.4.se_layer.net.2            8            8       0.0       0.00              8.0              8.0        32.0         32.0       0.07%         64.0
45           sem_encoder.se_resnets_net.4.se_layer.net.3            8           32     288.0       0.00            480.0            256.0      1184.0        128.0       0.11%       1312.0
46           sem_encoder.se_resnets_net.4.se_layer.net.4           32           32       0.0       0.00              0.0              0.0         0.0          0.0       0.07%          0.0
47                          sem_encoder.se_resnets_net.5   32 128 128   32 128 128       0.0       2.00        524,288.0        524,288.0   2097152.0    2097152.0       0.58%    4194304.0
48     sem_encoder.se_resnets_net.6.split_layer.layer...   32 128 128   16 128 128   12816.0       1.00    419,430,400.0    209,977,344.0   2148416.0    1048576.0       4.09%    3196992.0
49     sem_encoder.se_resnets_net.6.split_layer.layer...   16 128 128   16 128 128      32.0       1.00      1,048,576.0        524,288.0   1048704.0    1048576.0       0.29%    2097280.0
50     sem_encoder.se_resnets_net.6.split_layer.layer...   16 128 128   16 128 128       0.0       1.00        262,144.0        262,144.0   1048576.0    1048576.0       0.19%    2097152.0
51     sem_encoder.se_resnets_net.6.split_layer.layer...   32 128 128   16 128 128   12816.0       1.00    419,430,400.0    209,977,344.0   2148416.0    1048576.0       4.01%    3196992.0
52     sem_encoder.se_resnets_net.6.split_layer.layer...   16 128 128   16 128 128      32.0       1.00      1,048,576.0        524,288.0   1048704.0    1048576.0       0.23%    2097280.0
53     sem_encoder.se_resnets_net.6.split_layer.layer...   16 128 128   16 128 128       0.0       1.00        262,144.0        262,144.0   1048576.0    1048576.0       0.39%    2097152.0
54     sem_encoder.se_resnets_net.6.transition_layer....   32 128 128   32 128 128    1056.0       2.00     33,554,432.0     17,301,504.0   2101376.0    2097152.0       2.14%    4198528.0
55      sem_encoder.se_resnets_net.6.transition_layer.bn   32 128 128   32 128 128      64.0       2.00      2,097,152.0      1,048,576.0   2097408.0    2097152.0       0.71%    4194560.0
56       sem_encoder.se_resnets_net.6.se_layer.net.0.net   32 128 128   32   1   1       0.0       0.00              0.0              0.0         0.0          0.0       0.32%          0.0
57           sem_encoder.se_resnets_net.6.se_layer.net.1           32            8     264.0       0.00            504.0            256.0      1184.0         32.0       0.19%       1216.0
58           sem_encoder.se_resnets_net.6.se_layer.net.2            8            8       0.0       0.00              8.0              8.0        32.0         32.0       0.07%         64.0
59           sem_encoder.se_resnets_net.6.se_layer.net.3            8           32     288.0       0.00            480.0            256.0      1184.0        128.0       0.11%       1312.0
60           sem_encoder.se_resnets_net.6.se_layer.net.4           32           32       0.0       0.00              0.0              0.0         0.0          0.0       0.08%          0.0
61                          sem_encoder.se_resnets_net.7   32 128 128   32 128 128       0.0       2.00        524,288.0        524,288.0   2097152.0    2097152.0       0.50%    4194304.0
62     sem_encoder.se_resnets_net.8.split_layer.layer...   32 128 128   16 128 128   12816.0       1.00    419,430,400.0    209,977,344.0   2148416.0    1048576.0       4.07%    3196992.0
63     sem_encoder.se_resnets_net.8.split_layer.layer...   16 128 128   16 128 128      32.0       1.00      1,048,576.0        524,288.0   1048704.0    1048576.0       0.30%    2097280.0
64     sem_encoder.se_resnets_net.8.split_layer.layer...   16 128 128   16 128 128       0.0       1.00        262,144.0        262,144.0   1048576.0    1048576.0       0.29%    2097152.0
65     sem_encoder.se_resnets_net.8.split_layer.layer...   32 128 128   16 128 128   12816.0       1.00    419,430,400.0    209,977,344.0   2148416.0    1048576.0       3.63%    3196992.0
66     sem_encoder.se_resnets_net.8.split_layer.layer...   16 128 128   16 128 128      32.0       1.00      1,048,576.0        524,288.0   1048704.0    1048576.0       0.22%    2097280.0
67     sem_encoder.se_resnets_net.8.split_layer.layer...   16 128 128   16 128 128       0.0       1.00        262,144.0        262,144.0   1048576.0    1048576.0       0.15%    2097152.0
68     sem_encoder.se_resnets_net.8.transition_layer....   32 128 128   32 128 128    1056.0       2.00     33,554,432.0     17,301,504.0   2101376.0    2097152.0       2.17%    4198528.0
69      sem_encoder.se_resnets_net.8.transition_layer.bn   32 128 128   32 128 128      64.0       2.00      2,097,152.0      1,048,576.0   2097408.0    2097152.0       0.72%    4194560.0
70       sem_encoder.se_resnets_net.8.se_layer.net.0.net   32 128 128   32   1   1       0.0       0.00              0.0              0.0         0.0          0.0       0.31%          0.0
71           sem_encoder.se_resnets_net.8.se_layer.net.1           32            8     264.0       0.00            504.0            256.0      1184.0         32.0       0.18%       1216.0
72           sem_encoder.se_resnets_net.8.se_layer.net.2            8            8       0.0       0.00              8.0              8.0        32.0         32.0       0.07%         64.0
73           sem_encoder.se_resnets_net.8.se_layer.net.3            8           32     288.0       0.00            480.0            256.0      1184.0        128.0       0.11%       1312.0
74           sem_encoder.se_resnets_net.8.se_layer.net.4           32           32       0.0       0.00              0.0              0.0         0.0          0.0       0.07%          0.0
75                          sem_encoder.se_resnets_net.9   32 128 128   32 128 128       0.0       2.00        524,288.0        524,288.0   2097152.0    2097152.0       0.56%    4194304.0
76     sem_encoder.se_resnets_net.10.split_layer.laye...   32 128 128   16 128 128   12816.0       1.00    419,430,400.0    209,977,344.0   2148416.0    1048576.0       4.10%    3196992.0
77     sem_encoder.se_resnets_net.10.split_layer.laye...   16 128 128   16 128 128      32.0       1.00      1,048,576.0        524,288.0   1048704.0    1048576.0       0.30%    2097280.0
78     sem_encoder.se_resnets_net.10.split_layer.laye...   16 128 128   16 128 128       0.0       1.00        262,144.0        262,144.0   1048576.0    1048576.0       0.29%    2097152.0
79     sem_encoder.se_resnets_net.10.split_layer.laye...   32 128 128   16 128 128   12816.0       1.00    419,430,400.0    209,977,344.0   2148416.0    1048576.0       3.84%    3196992.0
80     sem_encoder.se_resnets_net.10.split_layer.laye...   16 128 128   16 128 128      32.0       1.00      1,048,576.0        524,288.0   1048704.0    1048576.0       0.21%    2097280.0
81     sem_encoder.se_resnets_net.10.split_layer.laye...   16 128 128   16 128 128       0.0       1.00        262,144.0        262,144.0   1048576.0    1048576.0       0.38%    2097152.0
82     sem_encoder.se_resnets_net.10.transition_layer...   32 128 128   32 128 128    1056.0       2.00     33,554,432.0     17,301,504.0   2101376.0    2097152.0       2.15%    4198528.0
83     sem_encoder.se_resnets_net.10.transition_layer.bn   32 128 128   32 128 128      64.0       2.00      2,097,152.0      1,048,576.0   2097408.0    2097152.0       0.38%    4194560.0
84      sem_encoder.se_resnets_net.10.se_layer.net.0.net   32 128 128   32   1   1       0.0       0.00              0.0              0.0         0.0          0.0       0.32%          0.0
85          sem_encoder.se_resnets_net.10.se_layer.net.1           32            8     264.0       0.00            504.0            256.0      1184.0         32.0       0.17%       1216.0
86          sem_encoder.se_resnets_net.10.se_layer.net.2            8            8       0.0       0.00              8.0              8.0        32.0         32.0       0.07%         64.0
87          sem_encoder.se_resnets_net.10.se_layer.net.3            8           32     288.0       0.00            480.0            256.0      1184.0        128.0       0.11%       1312.0
88          sem_encoder.se_resnets_net.10.se_layer.net.4           32           32       0.0       0.00              0.0              0.0         0.0          0.0       0.08%          0.0
89                         sem_encoder.se_resnets_net.11   32 128 128   32 128 128       0.0       2.00        524,288.0        524,288.0   2097152.0    2097152.0       0.52%    4194304.0
90                             chan_encoder.conv_bn.conv   32 128 128    8 128 128    6408.0       0.50    209,715,200.0    104,988,672.0   2122784.0     524288.0       3.91%    2647072.0
91                       chan_encoder.conv_bn.batch_norm    8 128 128    8 128 128      16.0       0.50        524,288.0        262,144.0    524352.0     524288.0       0.32%    1048640.0
total                                                                               197224.0      85.00  6,346,512,192.0  3,184,397,360.0    524352.0     524288.0     100.00%  191173280.0
===========================================================================================================================================================================================
Total params: 197,224
-------------------------------------------------------------------------------------------------------------------------------------------------------------------------------------------
Total memory: 85.00MB
Total MAdd: 6.35GMAdd
Total Flops: 3.18GFlops
Total MemR+W: 182.32MB

